This is pdfTeX, Version 3.141592653-2.6-1.40.24 (MiKTeX 22.3) (preloaded format=pdflatex 2022.4.8)  8 APR 2022 23:29
entering extended mode
 restricted \write18 enabled.
 %&-line parsing enabled.
**./1649453381351-corrigé.tex
(1649453381351-corrigé.tex
LaTeX2e <2021-11-15> patch level 1
L3 programming layer <2022-02-24>
(C:\Users\hp\AppData\Local\Programs\MiKTeX\tex/latex/base\article.cls
Document Class: article 2021/10/04 v1.4n Standard LaTeX document class
(C:\Users\hp\AppData\Local\Programs\MiKTeX\tex/latex/base\size12.clo
File: size12.clo 2021/10/04 v1.4n Standard LaTeX file (size option)
)
\c@part=\count185
\c@section=\count186
\c@subsection=\count187
\c@subsubsection=\count188
\c@paragraph=\count189
\c@subparagraph=\count190
\c@figure=\count191
\c@table=\count192
\abovecaptionskip=\skip47
\belowcaptionskip=\skip48
\bibindent=\dimen138
)
(C:\Users\hp\AppData\Local\Programs\MiKTeX\tex/latex/base\inputenc.sty
Package: inputenc 2021/02/14 v1.3d Input encoding file
\inpenc@prehook=\toks16
\inpenc@posthook=\toks17
)
(C:\Users\hp\AppData\Local\Programs\MiKTeX\tex/latex/l3backend\l3backend-pdftex
.def
File: l3backend-pdftex.def 2022-02-07 L3 backend support: PDF output (pdfTeX)
\l__color_backend_stack_int=\count193
\l__pdf_internal_box=\box50
)
No file 1649453381351-corrigé.aux.
\openout1 = `1649453381351-corrigé.aux'.

LaTeX Font Info:    Checking defaults for OML/cmm/m/it on input line 5.
LaTeX Font Info:    ... okay on input line 5.
LaTeX Font Info:    Checking defaults for OMS/cmsy/m/n on input line 5.
LaTeX Font Info:    ... okay on input line 5.
LaTeX Font Info:    Checking defaults for OT1/cmr/m/n on input line 5.
LaTeX Font Info:    ... okay on input line 5.
LaTeX Font Info:    Checking defaults for T1/cmr/m/n on input line 5.
LaTeX Font Info:    ... okay on input line 5.
LaTeX Font Info:    Checking defaults for TS1/cmr/m/n on input line 5.
LaTeX Font Info:    ... okay on input line 5.
LaTeX Font Info:    Checking defaults for OMX/cmex/m/n on input line 5.
LaTeX Font Info:    ... okay on input line 5.
LaTeX Font Info:    Checking defaults for U/cmr/m/n on input line 5.
LaTeX Font Info:    ... okay on input line 5.
LaTeX Font Info:    External font `cmex10' loaded for size
(Font)              <14.4> on input line 6.
LaTeX Font Info:    External font `cmex10' loaded for size
(Font)              <7> on input line 6.

LaTeX Warning: No \author given.


Underfull \hbox (badness 10000) in paragraph at lines 8--9
[]\OT1/cmr/m/n/12 dsdes
 []


Underfull \hbox (badness 10000) in paragraph at lines 8--9
\OT1/cmr/bx/n/12 Reponse:
 []


Underfull \hbox (badness 10000) in paragraph at lines 9--10
[]\OT1/cmr/m/n/12 sd
 []


Underfull \hbox (badness 10000) in paragraph at lines 9--10
\OT1/cmr/m/n/12 qdssq
 []


Underfull \hbox (badness 10000) in paragraph at lines 9--10
\OT1/cmr/m/n/12 sqd
 []


Underfull \hbox (badness 10000) in paragraph at lines 9--10
\OT1/cmr/bx/n/12 Reponse:
 []


Underfull \hbox (badness 10000) in paragraph at lines 9--10
\OT1/cmr/m/n/12 sqdqds
 []


Underfull \hbox (badness 10000) in paragraph at lines 9--10
\OT1/cmr/m/n/12 qsd
 []


Underfull \hbox (badness 10000) in paragraph at lines 9--10
\OT1/cmr/m/n/12 qsd
 []


Underfull \hbox (badness 10000) in paragraph at lines 9--10

 []


Underfull \hbox (badness 10000) in paragraph at lines 10--11
[]\OT1/cmr/m/n/12 sdqsd
 []


Underfull \hbox (badness 10000) in paragraph at lines 10--11
\OT1/cmr/bx/n/12 Reponse:
 []


Underfull \hbox (badness 10000) in paragraph at lines 11--12
[]\OT1/cmr/m/n/12 qsddsqsd
 []


Underfull \hbox (badness 10000) in paragraph at lines 11--12
\OT1/cmr/bx/n/12 Reponse:
 []


Underfull \hbox (badness 10000) in paragraph at lines 12--13
[]\OT1/cmr/m/n/12 dqsqsddqs
 []


Underfull \hbox (badness 10000) in paragraph at lines 12--13
\OT1/cmr/bx/n/12 Reponse:
 []

[1

{C:/Users/hp/AppData/Local/MiKTeX/fonts/map/pdftex/pdftex.map}]
(1649453381351-corrigé.aux) ) 
Here is how much of TeX's memory you used:
 445 strings out of 478582
 8705 string characters out of 2845761
 299988 words of memory out of 3000000
 18708 multiletter control sequences out of 15000+600000
 471076 words of font info for 34 fonts, out of 8000000 for 9000
 1141 hyphenation exceptions out of 8191
 33i,6n,38p,182b,197s stack positions out of 10000i,1000n,20000p,200000b,80000s
<C:/Users/hp/AppData/Local/Programs/MiKTeX/fonts/
type1/public/amsfonts/cm/cmbx12.pfb><C:/Users/hp/AppData/Local/Programs/MiKTeX/
fonts/type1/public/amsfonts/cm/cmr12.pfb><C:/Users/hp/AppData/Local/Programs/Mi
KTeX/fonts/type1/public/amsfonts/cm/cmr17.pfb>
Output written on 1649453381351-corrigé.pdf (1 page, 33302 bytes).
PDF statistics:
 21 PDF objects out of 1000 (max. 8388607)
 0 named destinations out of 1000 (max. 500000)
 1 words of extra memory for PDF output out of 10000 (max. 10000000)

